# JRE version: Java(TM) SE Runtime Environment (10.0.1+10) (build 10.0.1+10)
# Java VM: Java HotSpot(TM) 64-Bit Server VM (10.0.1+10, mixed mode, tiered, compressed oops, g1 gc, windows-amd64)
Heap:
 garbage-first heap   total 65536K, used 41013K [0x00000000c0000000, 0x0000000100000000)
  region size 1024K, 14 young (14336K), 3 survivors (3072K)
 Metaspace       used 48637K, capacity 49317K, committed 49968K, reserved 1093632K
  class space    used 6090K, capacity 6331K, committed 6448K, reserved 1048576K
GC Heap History (10 events):
Event: 35.619 GC heap before
{Heap before GC invocations=16 (full 0):
 garbage-first heap   total 65536K, used 50537K [0x00000000c0000000, 0x0000000100000000)
  region size 1024K, 21 young (21504K), 3 survivors (3072K)
 Metaspace       used 44217K, capacity 44758K, committed 45360K, reserved 1089536K
  class space    used 5478K, capacity 5673K, committed 5680K, reserved 1048576K
}
Event: 35.627 GC heap after
{Heap after GC invocations=17 (full 0):
 garbage-first heap   total 65536K, used 30755K [0x00000000c0000000, 0x0000000100000000)
  region size 1024K, 1 young (1024K), 1 survivors (1024K)
 Metaspace       used 44217K, capacity 44758K, committed 45360K, reserved 1089536K
  class space    used 5478K, capacity 5673K, committed 5680K, reserved 1048576K
}
Event: 37.010 GC heap before
{Heap before GC invocations=18 (full 0):
 garbage-first heap   total 65536K, used 50211K [0x00000000c0000000, 0x0000000100000000)
  region size 1024K, 21 young (21504K), 1 survivors (1024K)
 Metaspace       used 44786K, capacity 45320K, committed 46000K, reserved 1089536K
  class space    used 5526K, capacity 5707K, committed 5808K, reserved 1048576K
}
Event: 37.013 GC heap after
{Heap after GC invocations=19 (full 0):
 garbage-first heap   total 65536K, used 29928K [0x00000000c0000000, 0x0000000100000000)
  region size 1024K, 1 young (1024K), 1 survivors (1024K)
 Metaspace       used 44786K, capacity 45320K, committed 46000K, reserved 1089536K
  class space    used 5526K, capacity 5707K, committed 5808K, reserved 1048576K
}
Event: 37.271 GC heap before
{Heap before GC invocations=19 (full 0):
 garbage-first heap   total 65536K, used 31976K [0x00000000c0000000, 0x0000000100000000)
  region size 1024K, 3 young (3072K), 1 survivors (1024K)
 Metaspace       used 45678K, capacity 46254K, committed 46896K, reserved 1089536K
  class space    used 5651K, capacity 5891K, committed 5936K, reserved 1048576K
}
Event: 37.276 GC heap after
{Heap after GC invocations=20 (full 0):
 garbage-first heap   total 65536K, used 28353K [0x00000000c0000000, 0x0000000100000000)
  region size 1024K, 1 young (1024K), 1 survivors (1024K)
 Metaspace       used 45678K, capacity 46254K, committed 46896K, reserved 1089536K
  class space    used 5651K, capacity 5891K, committed 5936K, reserved 1048576K
}
Event: 38.441 GC heap before
{Heap before GC invocations=20 (full 0):
 garbage-first heap   total 65536K, used 49857K [0x00000000c0000000, 0x0000000100000000)
  region size 1024K, 22 young (22528K), 1 survivors (1024K)
 Metaspace       used 47249K, capacity 47923K, committed 48432K, reserved 1091584K
  class space    used 5878K, capacity 6104K, committed 6192K, reserved 1048576K
}
Event: 38.448 GC heap after
{Heap after GC invocations=21 (full 0):
 garbage-first heap   total 65536K, used 29792K [0x00000000c0000000, 0x0000000100000000)
  region size 1024K, 2 young (2048K), 2 survivors (2048K)
 Metaspace       used 47249K, capacity 47923K, committed 48432K, reserved 1091584K
  class space    used 5878K, capacity 6104K, committed 6192K, reserved 1048576K
}
Event: 38.982 GC heap before
{Heap before GC invocations=21 (full 0):
 garbage-first heap   total 65536K, used 51296K [0x00000000c0000000, 0x0000000100000000)
  region size 1024K, 23 young (23552K), 2 survivors (2048K)
 Metaspace       used 47677K, capacity 48307K, committed 48944K, reserved 1091584K
  class space    used 5934K, capacity 6168K, committed 6192K, reserved 1048576K
}
Event: 38.989 GC heap after
{Heap after GC invocations=22 (full 0):
 garbage-first heap   total 65536K, used 30773K [0x00000000c0000000, 0x0000000100000000)
  region size 1024K, 3 young (3072K), 3 survivors (3072K)
 Metaspace       used 47677K, capacity 48307K, committed 48944K, reserved 1091584K
  class space    used 5934K, capacity 6168K, committed 6192K, reserved 1048576K
}

